{"level":"warn","message":"Método GET no disponible en ruta /ewf","timestamp":"2022-03-06T16:44:06.374Z"}
{"level":"warn","message":"Método GET no disponible en ruta /ewfwdfdd","timestamp":"2022-03-06T16:46:58.576Z"}
{"level":"warn","message":"Método GET no disponible en ruta /favicon.ico","timestamp":"2022-03-08T00:02:14.768Z"}
{"level":"warn","message":"Método GET no disponible en ruta /favicon.ico","timestamp":"2022-03-08T23:46:57.363Z"}
{"level":"warn","message":"Método GET no disponible en ruta /favicon.ico","timestamp":"2022-03-09T18:16:47.956Z"}
{"level":"warn","message":"Método GET no disponible en ruta /login.html","timestamp":"2022-03-09T19:36:30.776Z"}
{"level":"warn","message":"Método GET no disponible en ruta /login.html","timestamp":"2022-03-09T19:37:14.150Z"}
{"level":"warn","message":"Método GET no disponible en ruta /login.html","timestamp":"2022-03-09T19:37:15.151Z"}
{"level":"warn","message":"Método GET no disponible en ruta /login.html","timestamp":"2022-03-09T19:37:18.244Z"}
{"level":"warn","message":"Método GET no disponible en ruta /login.html","timestamp":"2022-03-09T19:38:08.066Z"}
{"level":"warn","message":"Método GET no disponible en ruta /login.html","timestamp":"2022-03-09T19:38:10.206Z"}
{"level":"warn","message":"Método GET no disponible en ruta /login.html","timestamp":"2022-03-09T20:23:42.553Z"}
{"level":"warn","message":"Método GET no disponible en ruta /regisration-error","timestamp":"2022-03-09T20:23:57.704Z"}
{"level":"warn","message":"Método GET no disponible en ruta /favicon.ico","timestamp":"2022-03-12T00:27:40.439Z"}
{"level":"warn","message":"Método GET no disponible en ruta /pages/login","timestamp":"2022-03-12T02:50:46.828Z"}
{"level":"warn","message":"Método GET no disponible en ruta //login","timestamp":"2022-03-12T02:50:54.718Z"}
{"level":"warn","message":"Método GET no disponible en ruta /api/users","timestamp":"2022-03-13T01:51:00.807Z"}
{"level":"warn","message":"Método GET no disponible en ruta /api/usuarios","timestamp":"2022-03-13T01:51:06.601Z"}
{"level":"warn","message":"Método GET no disponible en ruta /api/carts","timestamp":"2022-03-13T01:51:47.021Z"}
{"level":"warn","message":"Método GET no disponible en ruta /api/carrito","timestamp":"2022-03-13T01:51:55.764Z"}
{"level":"warn","message":"Método GET no disponible en ruta /favicon.ico","timestamp":"2022-03-13T02:06:06.790Z"}
{"level":"warn","message":"Método GET no disponible en ruta /pages/register","timestamp":"2022-03-13T05:16:46.590Z"}
{"level":"warn","message":"Método GET no disponible en ruta /favicon.ico","timestamp":"2022-03-13T16:17:03.613Z"}
{"level":"warn","message":"Método POST no disponible en ruta /logged","timestamp":"2022-03-13T16:26:18.296Z"}
{"level":"warn","message":"Método POST no disponible en ruta /logged","timestamp":"2022-03-13T16:26:46.852Z"}
{"level":"warn","message":"Método POST no disponible en ruta /logged","timestamp":"2022-03-13T16:26:48.357Z"}
{"level":"warn","message":"Método POST no disponible en ruta /logged","timestamp":"2022-03-13T16:26:49.367Z"}
{"level":"warn","message":"Método POST no disponible en ruta /logged","timestamp":"2022-03-13T16:56:33.738Z"}
{"level":"warn","message":"Método GET no disponible en ruta /favicon.ico","timestamp":"2022-03-13T20:58:23.364Z"}
{"level":"warn","message":"Método POST no disponible en ruta /logged","timestamp":"2022-03-14T00:11:58.069Z"}
{"level":"warn","message":"Método POST no disponible en ruta /logged","timestamp":"2022-03-14T02:42:34.001Z"}
{"level":"warn","message":"Método GET no disponible en ruta /api","timestamp":"2022-03-22T01:49:15.339Z"}
{"level":"warn","message":"Método GET no disponible en ruta /favicon.ico","timestamp":"2022-03-22T01:49:18.023Z"}
{"level":"warn","message":"Método GET no disponible en ruta /current","timestamp":"2022-03-22T01:49:45.669Z"}
{"level":"warn","message":"Método GET no disponible en ruta /crrent","timestamp":"2022-03-22T01:51:01.786Z"}
{"level":"warn","message":"Método GET no disponible en ruta /current","timestamp":"2022-03-22T01:51:04.459Z"}
{"level":"warn","message":"Método POST no disponible en ruta /logot","timestamp":"2022-03-22T02:54:21.840Z"}
{"level":"warn","message":"Método GET no disponible en ruta /current","timestamp":"2022-03-22T02:55:56.462Z"}
{"level":"warn","message":"Método GET no disponible en ruta /favicon.ico","timestamp":"2022-03-24T17:18:16.064Z"}
{"level":"warn","message":"Método GET no disponible en ruta /api/prodcts","timestamp":"2022-03-24T18:24:03.142Z"}
{"level":"warn","message":"Método GET no disponible en ruta /api/prodcts","timestamp":"2022-03-24T18:24:08.733Z"}
{"level":"warn","message":"Método GET no disponible en ruta /api/products","timestamp":"2022-03-24T18:24:13.703Z"}
{"level":"warn","message":"Método GET no disponible en ruta /favicon.ico","timestamp":"2022-03-25T03:51:41.859Z"}
{"level":"warn","message":"Método POST no disponible en ruta /logged","timestamp":"2022-03-25T03:57:36.090Z"}
{"level":"warn","message":"Método GET no disponible en ruta /favicon.ico","timestamp":"2022-03-26T01:35:03.435Z"}
{"level":"warn","message":"Método GET no disponible en ruta /NA","timestamp":"2022-03-26T04:11:11.092Z"}
{"level":"warn","message":"Método GET no disponible en ruta /NA","timestamp":"2022-03-26T04:11:29.988Z"}
{"level":"warn","message":"Método GET no disponible en ruta /NA","timestamp":"2022-03-26T04:16:23.098Z"}
{"level":"warn","message":"Método GET no disponible en ruta /logout","timestamp":"2022-03-26T04:16:25.281Z"}
{"level":"warn","message":"Método GET no disponible en ruta /NA","timestamp":"2022-03-26T04:17:40.408Z"}
{"level":"warn","message":"Método GET no disponible en ruta /NA","timestamp":"2022-03-26T04:17:44.164Z"}
{"level":"warn","message":"Método GET no disponible en ruta /NA","timestamp":"2022-03-26T04:18:06.213Z"}
{"level":"warn","message":"Método GET no disponible en ruta /NA","timestamp":"2022-03-26T04:19:06.661Z"}
{"level":"warn","message":"Método GET no disponible en ruta /NA","timestamp":"2022-03-26T04:19:30.677Z"}
{"level":"warn","message":"Método GET no disponible en ruta /NA","timestamp":"2022-03-26T04:19:46.479Z"}
{"level":"warn","message":"Método GET no disponible en ruta /NA","timestamp":"2022-03-26T04:21:39.145Z"}
{"level":"warn","message":"Método GET no disponible en ruta /NA","timestamp":"2022-03-26T04:22:15.976Z"}
{"level":"warn","message":"Método GET no disponible en ruta /NA","timestamp":"2022-03-26T04:23:16.255Z"}
{"level":"warn","message":"Método GET no disponible en ruta /NA","timestamp":"2022-03-26T04:28:46.736Z"}
{"level":"warn","message":"Método GET no disponible en ruta /logout","timestamp":"2022-03-26T04:31:51.246Z"}
{"level":"warn","message":"Método GET no disponible en ruta /logout","timestamp":"2022-03-26T04:37:05.903Z"}
{"level":"warn","message":"Método GET no disponible en ruta /logout","timestamp":"2022-03-26T04:37:09.093Z"}
{"level":"warn","message":"Método GET no disponible en ruta /logout","timestamp":"2022-03-26T04:37:21.686Z"}
{"level":"warn","message":"Método GET no disponible en ruta /logout","timestamp":"2022-03-26T04:37:23.729Z"}
{"level":"warn","message":"Método GET no disponible en ruta /css/logout.css","timestamp":"2022-03-26T04:38:43.555Z"}
{"level":"warn","message":"Método GET no disponible en ruta /login.html","timestamp":"2022-03-26T04:38:45.822Z"}
{"level":"warn","message":"Método GET no disponible en ruta /css/logout.css","timestamp":"2022-03-26T04:39:09.642Z"}
{"level":"warn","message":"Método GET no disponible en ruta /NA","timestamp":"2022-03-26T04:39:30.449Z"}
{"level":"warn","message":"Método GET no disponible en ruta /css/logout.css","timestamp":"2022-03-26T04:39:32.385Z"}
{"level":"warn","message":"Método GET no disponible en ruta /css/logout.css","timestamp":"2022-03-26T04:42:56.218Z"}
{"level":"warn","message":"Método GET no disponible en ruta /NA","timestamp":"2022-03-26T04:43:07.467Z"}
{"level":"warn","message":"Método GET no disponible en ruta /css/logout.css","timestamp":"2022-03-26T04:43:09.092Z"}
{"level":"warn","message":"Método GET no disponible en ruta /NA","timestamp":"2022-03-26T04:44:50.563Z"}
{"level":"warn","message":"Método GET no disponible en ruta /css/logout.css","timestamp":"2022-03-26T04:44:52.258Z"}
{"level":"warn","message":"Método GET no disponible en ruta /css/logout.css","timestamp":"2022-03-26T04:45:51.860Z"}
{"level":"warn","message":"Método GET no disponible en ruta /NA","timestamp":"2022-03-26T04:45:55.274Z"}
{"level":"warn","message":"Método GET no disponible en ruta /NA","timestamp":"2022-03-26T04:47:26.384Z"}
{"level":"warn","message":"Método GET no disponible en ruta /NA","timestamp":"2022-03-26T04:48:42.283Z"}
{"level":"warn","message":"Método GET no disponible en ruta /NA","timestamp":"2022-03-26T04:49:09.721Z"}
{"level":"warn","message":"Método GET no disponible en ruta /css/logout.css","timestamp":"2022-03-26T04:49:11.099Z"}
{"level":"warn","message":"Método GET no disponible en ruta /NA","timestamp":"2022-03-26T04:49:20.255Z"}
{"level":"warn","message":"Método GET no disponible en ruta /css/logout.css","timestamp":"2022-03-26T04:49:23.156Z"}
{"level":"warn","message":"Método GET no disponible en ruta /NA","timestamp":"2022-03-26T04:49:31.559Z"}
{"level":"warn","message":"Método GET no disponible en ruta /NA","timestamp":"2022-03-26T04:53:13.795Z"}
{"level":"warn","message":"Método GET no disponible en ruta /NA","timestamp":"2022-03-26T04:54:41.862Z"}
{"level":"warn","message":"Método GET no disponible en ruta /NA","timestamp":"2022-03-26T04:55:03.405Z"}
{"level":"warn","message":"Método GET no disponible en ruta /favicon.ico","timestamp":"2022-03-28T03:28:06.525Z"}
