{"level":"error","message":"error is not defined","timestamp":"2022-05-07T17:36:40.188Z"}
{"level":"error","message":"error is not defined","timestamp":"2022-05-07T17:45:59.294Z"}
{"level":"error","message":"Error agregando producto a carrito","timestamp":"2022-05-07T18:36:15.172Z"}
{"level":"error","message":"Error agregando producto a carrito","timestamp":"2022-05-07T18:36:22.547Z"}
{"level":"error","message":"Error agregando producto a carrito","timestamp":"2022-05-07T18:36:25.627Z"}
{"level":"error","message":"Error encontrando carrito de usuario","timestamp":"2022-05-07T18:36:50.605Z"}
{"level":"error","message":"Error encontrando carrito de usuario","timestamp":"2022-05-08T22:46:42.693Z"}
{"level":"error","message":"Error encontrando carrito de usuario","timestamp":"2022-05-08T22:47:13.654Z"}
{"level":"error","message":"Error encontrando carrito de usuario","timestamp":"2022-05-08T22:48:29.262Z"}
{"level":"error","message":"Error encontrando carrito de usuario","timestamp":"2022-05-09T01:31:29.113Z"}
{"level":"error","message":"Error agregando producto a carrito","timestamp":"2022-05-09T01:59:28.809Z"}
{"level":"error","message":"Error agregando producto a carrito","timestamp":"2022-05-09T02:04:03.381Z"}
{"level":"error","message":"Cannot read property 'dao' of undefined","timestamp":"2022-05-09T02:11:29.817Z"}
{"level":"error","message":"Error encontrando carrito de usuario","timestamp":"2022-05-09T02:12:27.187Z"}
{"level":"error","message":"Cannot read property 'dao' of undefined","timestamp":"2022-05-09T02:13:34.652Z"}
{"level":"error","message":"Cannot read property 'dao' of undefined","timestamp":"2022-05-09T02:19:28.740Z"}
{"level":"error","message":"Cannot read property 'dao' of undefined","timestamp":"2022-05-09T02:19:49.287Z"}
{"level":"error","message":"Error encontrando carrito de usuario","timestamp":"2022-05-09T02:26:28.167Z"}
{"level":"error","message":"Cannot read property 'dao' of undefined","timestamp":"2022-05-09T02:28:00.537Z"}
{"level":"error","message":"Error encontrando carrito de usuario","timestamp":"2022-05-09T02:29:50.540Z"}
{"level":"error","message":"Error agregando producto a carrito","timestamp":"2022-05-09T02:36:10.367Z"}
{"level":"error","message":"Error agregando producto a carrito","timestamp":"2022-05-09T02:36:14.708Z"}
{"level":"error","message":"Cannot read property 'dao' of undefined","timestamp":"2022-05-09T02:40:12.365Z"}
{"level":"error","message":"Cannot read property 'dao' of undefined","timestamp":"2022-05-09T02:40:18.281Z"}
{"level":"error","message":"Cannot read property 'dao' of undefined","timestamp":"2022-05-09T02:40:19.177Z"}
{"level":"error","message":"Cannot read property 'dao' of undefined","timestamp":"2022-05-09T02:40:20.196Z"}
{"level":"error","message":"Cannot read property 'dao' of undefined","timestamp":"2022-05-09T02:40:21.422Z"}
{"level":"error","message":"Error agregando producto a carrito","timestamp":"2022-05-09T02:40:29.310Z"}
{"level":"error","message":"Cannot read property 'dao' of undefined","timestamp":"2022-05-09T02:40:38.930Z"}
{"level":"error","message":"Cannot read property 'dao' of undefined","timestamp":"2022-05-09T02:40:40.496Z"}
{"level":"error","message":"Cannot read property 'dao' of undefined","timestamp":"2022-05-09T02:40:40.734Z"}
{"level":"error","message":"Cannot read property 'dao' of undefined","timestamp":"2022-05-09T02:40:41.627Z"}
{"level":"error","message":"Cannot read property 'dao' of undefined","timestamp":"2022-05-09T02:40:43.267Z"}
{"level":"error","message":"Cannot read property 'dao' of undefined","timestamp":"2022-05-09T02:41:02.014Z"}
{"level":"error","message":"Cannot read property 'dao' of undefined","timestamp":"2022-05-09T02:41:09.951Z"}
{"level":"error","message":"Cannot read property 'dao' of undefined","timestamp":"2022-05-09T02:41:13.829Z"}
{"level":"error","message":"Cannot read property 'dao' of undefined","timestamp":"2022-05-09T02:41:20.130Z"}
{"level":"error","message":"Cannot read property 'dao' of undefined","timestamp":"2022-05-09T02:41:23.467Z"}
{"level":"error","message":"Cannot read property 'dao' of undefined","timestamp":"2022-05-09T02:42:17.379Z"}
{"level":"error","message":"Cannot read property 'dao' of undefined","timestamp":"2022-05-09T02:42:18.583Z"}
{"level":"error","message":"Cannot read property 'dao' of undefined","timestamp":"2022-05-09T02:42:20.062Z"}
{"level":"error","message":"Cannot read property 'dao' of undefined","timestamp":"2022-05-09T02:42:20.921Z"}
{"level":"error","message":"Cannot read property 'dao' of undefined","timestamp":"2022-05-09T02:42:27.189Z"}
{"level":"error","message":"Cannot read property 'dao' of undefined","timestamp":"2022-05-09T02:42:31.357Z"}
{"level":"error","message":"Cannot read property 'dao' of undefined","timestamp":"2022-05-09T02:42:34.080Z"}
{"level":"error","message":"Cannot read property 'dao' of undefined","timestamp":"2022-05-09T02:44:34.362Z"}
{"level":"error","message":"Cannot read property 'dao' of undefined","timestamp":"2022-05-09T02:45:03.941Z"}
{"level":"error","message":"Cast to ObjectId failed for value \"{ _id: 'delete' }\" (type Object) at path \"_id\" for model \"products\"","timestamp":"2022-05-09T02:45:08.844Z"}
{"level":"error","message":"Cast to ObjectId failed for value \"{ _id: 'delete' }\" (type Object) at path \"_id\" for model \"products\"","timestamp":"2022-05-09T02:45:12.984Z"}
{"level":"error","message":"Cast to ObjectId failed for value \"{ _id: 'delete' }\" (type Object) at path \"_id\" for model \"products\"","timestamp":"2022-05-09T02:45:16.243Z"}
{"level":"error","message":"Cast to ObjectId failed for value \"{ _id: 'delete' }\" (type Object) at path \"_id\" for model \"products\"","timestamp":"2022-05-09T02:45:16.244Z"}
{"level":"error","message":"Cast to ObjectId failed for value \"{ _id: 'delete' }\" (type Object) at path \"_id\" for model \"products\"","timestamp":"2022-05-09T02:45:44.212Z"}
{"level":"error","message":"Cast to ObjectId failed for value \"{ _id: 'delete' }\" (type Object) at path \"_id\" for model \"products\"","timestamp":"2022-05-09T02:45:44.215Z"}
{"level":"error","message":"Cast to ObjectId failed for value \"{ _id: 'delete' }\" (type Object) at path \"_id\" for model \"products\"","timestamp":"2022-05-09T02:45:49.592Z"}
{"level":"error","message":"Cast to ObjectId failed for value \"{ _id: 'delete' }\" (type Object) at path \"_id\" for model \"products\"","timestamp":"2022-05-09T02:45:49.592Z"}
{"level":"error","message":"Cast to ObjectId failed for value \"{ _id: 'delete' }\" (type Object) at path \"_id\" for model \"products\"","timestamp":"2022-05-09T02:45:55.520Z"}
{"level":"error","message":"Cast to ObjectId failed for value \"{ _id: 'delete' }\" (type Object) at path \"_id\" for model \"products\"","timestamp":"2022-05-09T02:45:55.520Z"}
{"level":"error","message":"Cast to ObjectId failed for value \"{ _id: 'delete' }\" (type Object) at path \"_id\" for model \"products\"","timestamp":"2022-05-09T02:49:16.381Z"}
{"level":"error","message":"Cast to ObjectId failed for value \"{ _id: 'delete' }\" (type Object) at path \"_id\" for model \"products\"","timestamp":"2022-05-09T02:49:16.384Z"}
{"level":"error","message":"Cast to ObjectId failed for value \"{ _id: 'delete' }\" (type Object) at path \"_id\" for model \"products\"","timestamp":"2022-05-09T02:50:06.480Z"}
{"level":"error","message":"Cast to ObjectId failed for value \"{ _id: 'delete' }\" (type Object) at path \"_id\" for model \"products\"","timestamp":"2022-05-09T02:50:06.481Z"}
{"level":"error","message":"Error encontrando carrito de usuario","timestamp":"2022-05-09T02:50:30.770Z"}
{"level":"error","message":"Error encontrando carrito de usuario","timestamp":"2022-05-09T03:43:51.780Z"}
{"level":"error","message":"Cast to ObjectId failed for value \"{ _id: 'delete' }\" (type Object) at path \"_id\" for model \"products\"","timestamp":"2022-05-09T03:44:42.359Z"}
{"level":"error","message":"Cast to ObjectId failed for value \"{ _id: 'delete' }\" (type Object) at path \"_id\" for model \"products\"","timestamp":"2022-05-09T03:44:45.248Z"}
{"level":"error","message":"Cast to ObjectId failed for value \"{ _id: 'delete' }\" (type Object) at path \"_id\" for model \"products\"","timestamp":"2022-05-09T03:49:23.599Z"}
{"level":"error","message":"Cast to ObjectId failed for value \"{ _id: 'delete' }\" (type Object) at path \"_id\" for model \"products\"","timestamp":"2022-05-09T03:49:30.796Z"}
{"level":"error","message":"Cast to ObjectId failed for value \"{ _id: 'delete' }\" (type Object) at path \"_id\" for model \"products\"","timestamp":"2022-05-09T03:49:34.804Z"}
{"level":"error","message":"Cast to ObjectId failed for value \"{ _id: 'delete' }\" (type Object) at path \"_id\" for model \"products\"","timestamp":"2022-05-09T03:49:34.805Z"}
{"level":"error","message":"Cast to ObjectId failed for value \"{ _id: 'delete' }\" (type Object) at path \"_id\" for model \"products\"","timestamp":"2022-05-09T03:50:00.160Z"}
{"level":"error","message":"Cast to ObjectId failed for value \"{ _id: 'delete' }\" (type Object) at path \"_id\" for model \"products\"","timestamp":"2022-05-09T03:50:00.160Z"}
{"level":"error","message":"Cast to ObjectId failed for value \"{ _id: 'delete' }\" (type Object) at path \"_id\" for model \"products\"","timestamp":"2022-05-09T03:50:05.585Z"}
{"level":"error","message":"Cast to ObjectId failed for value \"{ _id: 'delete' }\" (type Object) at path \"_id\" for model \"products\"","timestamp":"2022-05-09T03:50:05.586Z"}
{"level":"error","message":"Cast to ObjectId failed for value \"{ _id: 'delete' }\" (type Object) at path \"_id\" for model \"products\"","timestamp":"2022-05-09T03:50:05.586Z"}
{"level":"error","message":"Cast to ObjectId failed for value \"{ _id: 'delete' }\" (type Object) at path \"_id\" for model \"products\"","timestamp":"2022-05-09T03:50:08.542Z"}
{"level":"error","message":"Cast to ObjectId failed for value \"{ _id: 'delete' }\" (type Object) at path \"_id\" for model \"products\"","timestamp":"2022-05-09T03:50:08.543Z"}
{"level":"error","message":"Cast to ObjectId failed for value \"{ _id: 'delete' }\" (type Object) at path \"_id\" for model \"products\"","timestamp":"2022-05-09T03:50:08.544Z"}
{"level":"error","message":"Cast to ObjectId failed for value \"{ _id: 'delete' }\" (type Object) at path \"_id\" for model \"products\"","timestamp":"2022-05-09T03:50:08.544Z"}
{"level":"error","message":"Cast to ObjectId failed for value \"{ _id: 'delete' }\" (type Object) at path \"_id\" for model \"products\"","timestamp":"2022-05-09T03:50:12.158Z"}
{"level":"error","message":"Cast to ObjectId failed for value \"{ _id: 'delete' }\" (type Object) at path \"_id\" for model \"products\"","timestamp":"2022-05-09T03:50:12.159Z"}
{"level":"error","message":"Cast to ObjectId failed for value \"{ _id: 'delete' }\" (type Object) at path \"_id\" for model \"products\"","timestamp":"2022-05-09T03:50:12.159Z"}
{"level":"error","message":"Cast to ObjectId failed for value \"{ _id: 'delete' }\" (type Object) at path \"_id\" for model \"products\"","timestamp":"2022-05-09T03:50:12.159Z"}
{"level":"error","message":"Cast to ObjectId failed for value \"{ _id: 'delete' }\" (type Object) at path \"_id\" for model \"products\"","timestamp":"2022-05-09T03:56:43.182Z"}
{"level":"error","message":"Cast to ObjectId failed for value \"{ _id: 'delete' }\" (type Object) at path \"_id\" for model \"products\"","timestamp":"2022-05-09T03:56:43.185Z"}
{"level":"error","message":"Cast to ObjectId failed for value \"{ _id: 'delete' }\" (type Object) at path \"_id\" for model \"products\"","timestamp":"2022-05-09T03:56:43.186Z"}
{"level":"error","message":"Cast to ObjectId failed for value \"{ _id: 'delete' }\" (type Object) at path \"_id\" for model \"products\"","timestamp":"2022-05-09T03:56:43.186Z"}
{"level":"error","message":"Error encontrando carrito de usuario","timestamp":"2022-05-09T03:56:47.662Z"}
{"level":"error","message":"Cast to ObjectId failed for value \"{ _id: 'delete' }\" (type Object) at path \"_id\" for model \"products\"","timestamp":"2022-05-09T03:59:36.459Z"}
{"level":"error","message":"Cast to ObjectId failed for value \"{ _id: 'delete' }\" (type Object) at path \"_id\" for model \"products\"","timestamp":"2022-05-09T03:59:40.898Z"}
{"level":"error","message":"Cast to ObjectId failed for value \"{ _id: 'delete' }\" (type Object) at path \"_id\" for model \"products\"","timestamp":"2022-05-09T03:59:44.892Z"}
{"level":"error","message":"Cast to ObjectId failed for value \"{ _id: 'delete' }\" (type Object) at path \"_id\" for model \"products\"","timestamp":"2022-05-09T03:59:44.893Z"}
{"level":"error","message":"Error encontrando carrito de usuario","timestamp":"2022-05-09T03:59:48.288Z"}
{"level":"error","message":"Error encontrando carrito de usuario","timestamp":"2022-05-09T04:55:44.239Z"}
{"level":"error","message":"error is not defined","timestamp":"2022-05-09T15:24:41.761Z"}
{"level":"error","message":"Error encontrando carrito de usuario","timestamp":"2022-05-09T15:27:48.276Z"}
{"level":"error","message":"error is not defined","timestamp":"2022-05-09T16:09:57.276Z"}
{"level":"error","message":"Cast to ObjectId failed for value \"delete\" (type string) at path \"_id\" for model \"Products\"","timestamp":"2022-05-09T23:51:20.984Z"}
{"level":"error","message":"Cast to ObjectId failed for value \"delete\" (type string) at path \"_id\" for model \"Products\"","timestamp":"2022-05-09T23:51:20.999Z"}
{"level":"error","message":"Cast to ObjectId failed for value \"delete\" (type string) at path \"_id\" for model \"Products\"","timestamp":"2022-05-09T23:51:21.009Z"}
{"level":"error","message":"Error encontrando carrito de usuario","timestamp":"2022-05-09T23:54:40.375Z"}
{"level":"error","message":"Error encontrando carrito de usuario","timestamp":"2022-05-09T23:55:29.295Z"}
{"level":"error","message":"Error encontrando carrito de usuario","timestamp":"2022-05-09T23:57:03.298Z"}
{"level":"error","message":"Error encontrando carrito de usuario","timestamp":"2022-05-10T00:22:18.873Z"}
{"level":"error","message":"Error encontrando carrito de usuario","timestamp":"2022-05-10T00:32:35.213Z"}
{"level":"error","message":"Error encontrando carrito de usuario","timestamp":"2022-05-10T00:34:35.656Z"}
{"level":"error","message":"Error encontrando carrito de usuario","timestamp":"2022-05-10T01:57:32.039Z"}
{"level":"error","message":"error is not defined","timestamp":"2022-05-10T02:26:44.809Z"}
{"level":"error","message":"Error encontrando carrito de usuario","timestamp":"2022-05-10T02:26:45.203Z"}
{"level":"error","message":"Error encontrando carrito de usuario","timestamp":"2022-05-10T02:27:16.765Z"}
{"level":"error","message":"Error encontrando carrito de usuario","timestamp":"2022-05-10T02:27:40.161Z"}
{"level":"error","message":"Error encontrando carrito de usuario","timestamp":"2022-05-10T02:28:05.338Z"}
{"level":"error","message":"Error encontrando carrito de usuario","timestamp":"2022-05-10T02:28:16.541Z"}
{"level":"error","message":"Error encontrando carrito de usuario","timestamp":"2022-05-10T03:41:08.600Z"}
{"level":"error","message":"Error encontrando carrito de usuario","timestamp":"2022-05-10T03:41:53.890Z"}
{"level":"error","message":"Error encontrando carrito de usuario","timestamp":"2022-05-10T04:25:51.915Z"}
{"level":"error","message":"Error encontrando carrito de usuario","timestamp":"2022-05-10T17:59:32.918Z"}
{"level":"error","message":"Error encontrando carrito de usuario","timestamp":"2022-05-10T18:00:10.079Z"}
{"level":"error","message":"Error encontrando carrito de usuario","timestamp":"2022-05-10T18:07:44.572Z"}
{"level":"error","message":"Error encontrando carrito de usuario","timestamp":"2022-05-10T18:10:26.274Z"}
{"level":"error","message":"Error encontrando carrito de usuario","timestamp":"2022-05-10T18:10:40.984Z"}
