{"level":"warn","message":"Método GET no disponible en ruta /favicon.ico","timestamp":"2022-05-07T16:34:33.806Z"}
{"level":"warn","message":"Método GET no disponible en ruta /","timestamp":"2022-05-07T16:34:51.311Z"}
{"level":"warn","message":"Método GET no disponible en ruta /logout","timestamp":"2022-05-07T16:38:00.688Z"}
{"level":"warn","message":"Método GET no disponible en ruta /logout","timestamp":"2022-05-07T16:39:00.992Z"}
{"level":"warn","message":"Método GET no disponible en ruta /logout","timestamp":"2022-05-07T16:39:05.990Z"}
{"level":"warn","message":"Método GET no disponible en ruta /logged","timestamp":"2022-05-07T16:49:41.355Z"}
{"level":"warn","message":"Método GET no disponible en ruta /logged","timestamp":"2022-05-07T16:49:52.269Z"}
{"level":"warn","message":"Método GET no disponible en ruta /session/logged","timestamp":"2022-05-07T16:55:54.952Z"}
{"level":"warn","message":"Método GET no disponible en ruta /session/logged","timestamp":"2022-05-07T16:56:34.967Z"}
{"level":"warn","message":"Método GET no disponible en ruta /ainfo","timestamp":"2022-05-07T17:32:25.158Z"}
{"level":"error","message":"error is not defined","timestamp":"2022-05-07T17:36:40.188Z"}
{"level":"warn","message":"Método POST no disponible en ruta /login","timestamp":"2022-05-07T17:38:26.451Z"}
{"level":"warn","message":"Método POST no disponible en ruta /login","timestamp":"2022-05-07T17:38:40.086Z"}
{"level":"warn","message":"Método POST no disponible en ruta /login","timestamp":"2022-05-07T17:39:35.958Z"}
{"level":"warn","message":"Método POST no disponible en ruta /login","timestamp":"2022-05-07T17:39:51.862Z"}
{"level":"warn","message":"Método POST no disponible en ruta /login","timestamp":"2022-05-07T17:43:38.316Z"}
{"level":"warn","message":"Método POST no disponible en ruta /register","timestamp":"2022-05-07T17:44:54.835Z"}
{"level":"warn","message":"Método POST no disponible en ruta /register","timestamp":"2022-05-07T17:45:16.025Z"}
{"level":"error","message":"error is not defined","timestamp":"2022-05-07T17:45:59.294Z"}
{"level":"warn","message":"Método POST no disponible en ruta /login","timestamp":"2022-05-07T17:59:20.566Z"}
{"level":"warn","message":"Método POST no disponible en ruta /login","timestamp":"2022-05-07T17:59:36.045Z"}
{"level":"warn","message":"Método POST no disponible en ruta /login","timestamp":"2022-05-07T18:00:06.406Z"}
{"level":"warn","message":"Método POST no disponible en ruta /login","timestamp":"2022-05-07T18:00:33.564Z"}
{"level":"warn","message":"Método POST no disponible en ruta /login","timestamp":"2022-05-07T18:01:02.917Z"}
{"level":"warn","message":"Método POST no disponible en ruta /session/logout","timestamp":"2022-05-07T18:10:51.571Z"}
{"level":"warn","message":"Método POST no disponible en ruta /login","timestamp":"2022-05-07T18:10:58.256Z"}
{"level":"warn","message":"Método POST no disponible en ruta /session/logout","timestamp":"2022-05-07T18:11:52.455Z"}
{"level":"warn","message":"Método POST no disponible en ruta /login","timestamp":"2022-05-07T18:12:03.697Z"}
{"level":"warn","message":"Método POST no disponible en ruta /session/logout","timestamp":"2022-05-07T18:21:16.889Z"}
{"level":"warn","message":"Método POST no disponible en ruta /session/logout","timestamp":"2022-05-07T18:23:40.702Z"}
{"level":"warn","message":"Método POST no disponible en ruta /session/logout","timestamp":"2022-05-07T18:23:43.173Z"}
{"level":"warn","message":"Método POST no disponible en ruta /session/logout","timestamp":"2022-05-07T18:23:44.764Z"}
{"level":"warn","message":"Método POST no disponible en ruta /session/logout","timestamp":"2022-05-07T18:23:45.893Z"}
{"level":"warn","message":"Método POST no disponible en ruta /session/logout","timestamp":"2022-05-07T18:23:46.684Z"}
{"level":"warn","message":"Método POST no disponible en ruta /session/logout","timestamp":"2022-05-07T18:23:47.391Z"}
{"level":"warn","message":"Método POST no disponible en ruta /session/logout","timestamp":"2022-05-07T18:23:48.116Z"}
{"level":"warn","message":"Método POST no disponible en ruta /session/logout","timestamp":"2022-05-07T18:23:48.780Z"}
{"level":"warn","message":"Método POST no disponible en ruta /session/logout","timestamp":"2022-05-07T18:23:49.901Z"}
{"level":"warn","message":"Método POST no disponible en ruta /login","timestamp":"2022-05-07T18:25:13.957Z"}
{"level":"warn","message":"Método POST no disponible en ruta /login","timestamp":"2022-05-07T18:25:25.106Z"}
{"level":"warn","message":"Método GET no disponible en ruta /images/1651076156563-IMG-20210926-WA0061.png","timestamp":"2022-05-07T18:30:49.963Z"}
{"level":"error","message":"Error agregando producto a carrito","timestamp":"2022-05-07T18:36:15.172Z"}
{"level":"error","message":"Error agregando producto a carrito","timestamp":"2022-05-07T18:36:22.547Z"}
{"level":"error","message":"Error agregando producto a carrito","timestamp":"2022-05-07T18:36:25.627Z"}
{"level":"error","message":"Error encontrando carrito de usuario","timestamp":"2022-05-07T18:36:50.605Z"}
